 
                                                                                                                                                                                                                                                                
 
 
Variable Summary

        Measurement    Frequency
Role       Level         Count

TEXT      NOMINAL          1    
 
                                                                                                                                                                                                                                                                
 
 

The HPTMINE Procedure

      Performance Information

Execution Mode       Single-Machine
Number of Threads    4             


                  Data Access Information
 
Data                          Engine    Role      Path

EMWS1.TEXTPARSING_TRAIN       V9        Input     On Client
EMWS1.TEXTPARSING_TMOUTPOS    V9        Output    On Client
EMWS1.TEXTPARSING_TMOUT       V9        Output    On Client
EMWS1.TEXTPARSING_TERMS       V9        Output    On Client
EMWS1.TEXTPARSING_TMCONFIG    V9        Output    On Client


                 Procedure Task Timing
 
Task                                Seconds      Percent

 Parse documents                       4.68      82.97% 
 Index documents                       0.47       8.41% 
 Output raw parsing results            0.02       0.44% 
 Analyze terms                         0.18       3.14% 
 Obtain term frequency                 0.14       2.50% 
 Filter terms                          0.11       2.00% 
 Generate term-document matrix         0.01       0.27% 
 Output OUTCHILD table                 0.00       0.00% 
 Output OUTTERMS table                 0.01       0.23% 
 Output OUTCONFIG table                0.00       0.04% 
